0 info it worked if it ends with ok
1 verbose cli [ '/usr/local/bin/node',
1 verbose cli   '/usr/local/bin/npm',
1 verbose cli   'run',
1 verbose cli   'run_without_auth:carme' ]
2 info using npm@4.0.5
3 info using node@v7.4.0
4 verbose run-script [ 'prerun_without_auth:carme',
4 verbose run-script   'run_without_auth:carme',
4 verbose run-script   'postrun_without_auth:carme' ]
5 info lifecycle carme@0.1.1~prerun_without_auth:carme: carme@0.1.1
6 silly lifecycle carme@0.1.1~prerun_without_auth:carme: no script for prerun_without_auth:carme, continuing
7 info lifecycle carme@0.1.1~run_without_auth:carme: carme@0.1.1
8 verbose lifecycle carme@0.1.1~run_without_auth:carme: unsafe-perm in lifecycle true
9 verbose lifecycle carme@0.1.1~run_without_auth:carme: PATH: /usr/local/lib/node_modules/npm/bin/node-gyp-bin:/mnt/c/projectenv/localcarme/node_modules/.bin:/usr/local/sbin:/usr/local/bin:/usr/sbin:/usr/bin:/sbin:/bin:/usr/games:/usr/local/games:/mnt/c/Program Files/ConEmu:/mnt/c/Program Files/ConEmu/ConEmu:/mnt/c/tools/ruby23/bin:/mnt/c/ProgramData/Oracle/Java/javapath_target_816703:/mnt/c/tools/ruby21/bin:/mnt/d/app/tkim/product/11.2.0/client_1/BIN:/mnt/c/Windows/System32:/mnt/c/Windows:/mnt/c/Windows/System32/wbem:/mnt/c/Windows/System32/WindowsPowerShell/v1.0:/mnt/c/ProgramData/chocolatey/bin:/mnt/c/Users/tkim/.dnx/bin:/mnt/c/Program Files/Microsoft DNX/Dnvm:/mnt/c/Program Files/Microsoft SQL Server/120/Tools/Binn:/mnt/c/Program Files/Git/cmd:/mnt/c/crowdoc/winhome/bin:/mnt/c/Program Files/mysql/bin:/mnt/c/strawberry/c/bin:/mnt/c/strawberry/perl/site/bin:/mnt/c/strawberry/perl/bin:/mnt/c/Program Files (x86)/vim/vim74:/mnt/c/Program Files/Microsoft/Web Platform Installer:/mnt/c/tools/go/bin:/mnt/c/Program Files/Microsoft SQL Server/130/Tools/Binn:/mnt/c/Windows/System32:/mnt/c/Windows:/mnt/c/Users/tkim/AppData/Local/Microsoft/WindowsApps:/mnt/c/Windows/System32/wbem:/mnt/c/Windows/System32/WindowsPowerShell/v1.0:/mnt/c/HashiCorp/Vagrant/bin:/mnt/c/Program Files (x86)/Microsoft Emulator Manager/1.0:/mnt/c/Program Files (x86)/Windows Kits/10/Windows Performance Toolkit:/mnt/c/Program Files/dotnet:/mnt/c/Program Files (x86)/Gow/bin:/mnt/c/Program Files (x86)/vim/vim80:/mnt/c/Go/bin:/mnt/c/Program Files/nodejs:/mnt/c/Users/tkim/AppData/Local/Programs/Python/Python36/Scripts:/mnt/c/Users/tkim/AppData/Local/Programs/Python/Python36:/mnt/c/Program Files (x86)/Microsoft VS Code/bin:/mnt/c/Users/tkim/AppData/Local/Programs/EmEditor:/mnt/c/eclipse/local/php:/mnt/c/totalcmd:/mnt/c/Program Files (x86)/Nmap:/mnt/c/Users/tkim/AppData/Local/Microsoft/WindowsApps:/mnt/c/Users/tkim/AppData/Local/Microsoft/WindowsApps:/mnt/c/Users/tkim/AppData/Roaming/npm:/mnt/c/Users/tkim/bin:/root/.fzf/bin
10 verbose lifecycle carme@0.1.1~run_without_auth:carme: CWD: /mnt/c/projectenv/localcarme
11 silly lifecycle carme@0.1.1~run_without_auth:carme: Args: [ '-c', 'python3 jupyterlab/run_without_auth.py' ]
12 silly lifecycle carme@0.1.1~run_without_auth:carme: Returned: code: 1  signal: null
13 info lifecycle carme@0.1.1~run_without_auth:carme: Failed to exec run_without_auth:carme script
14 verbose stack Error: carme@0.1.1 run_without_auth:carme: `python3 jupyterlab/run_without_auth.py`
14 verbose stack Exit status 1
14 verbose stack     at EventEmitter.<anonymous> (/usr/local/lib/node_modules/npm/lib/utils/lifecycle.js:279:16)
14 verbose stack     at emitTwo (events.js:106:13)
14 verbose stack     at EventEmitter.emit (events.js:191:7)
14 verbose stack     at ChildProcess.<anonymous> (/usr/local/lib/node_modules/npm/lib/utils/spawn.js:40:14)
14 verbose stack     at emitTwo (events.js:106:13)
14 verbose stack     at ChildProcess.emit (events.js:191:7)
14 verbose stack     at maybeClose (internal/child_process.js:885:16)
14 verbose stack     at Process.ChildProcess._handle.onexit (internal/child_process.js:226:5)
15 verbose pkgid carme@0.1.1
16 verbose cwd /mnt/c/projectenv/localcarme
17 error Linux 4.4.0-43-Microsoft
18 error argv "/usr/local/bin/node" "/usr/local/bin/npm" "run" "run_without_auth:carme"
19 error node v7.4.0
20 error npm  v4.0.5
21 error code ELIFECYCLE
22 error carme@0.1.1 run_without_auth:carme: `python3 jupyterlab/run_without_auth.py`
22 error Exit status 1
23 error Failed at the carme@0.1.1 run_without_auth:carme script 'python3 jupyterlab/run_without_auth.py'.
23 error Make sure you have the latest version of node.js and npm installed.
23 error If you do, this is most likely a problem with the carme package,
23 error not with npm itself.
23 error Tell the author that this fails on your system:
23 error     python3 jupyterlab/run_without_auth.py
23 error You can get information on how to open an issue for this project with:
23 error     npm bugs carme
23 error Or if that isn't available, you can get their info via:
23 error     npm owner ls carme
23 error There is likely additional logging output above.
24 verbose exit [ 1, true ]
